TN:
SF:src/App.css
FNF:0
FNH:0
LF:0
LH:0
BRF:0
BRH:0
end_of_record
TN:
SF:src/App.jsx
FN:15,ProtectedRoute
FN:23,AppShell
FN:58,App
FNF:3
FNH:2
FNDA:0,ProtectedRoute
FNDA:1,AppShell
FNDA:1,App
DA:16,0
DA:17,0
DA:18,0
DA:20,0
DA:24,1
DA:59,1
DA:60,1
LF:7
LH:3
BRDA:17,0,0,0
BRDA:17,0,1,0
BRDA:20,1,0,0
BRDA:20,1,1,0
BRDA:59,2,0,0
BRDA:59,2,1,1
BRF:6
BRH:1
end_of_record
TN:
SF:src/components/AuthProvider.jsx
FN:6,AuthProvider
FN:10,(anonymous_1)
FN:15,(anonymous_2)
FN:19,(anonymous_3)
FN:23,(anonymous_4)
FN:28,(anonymous_5)
FN:33,(anonymous_6)
FN:39,(anonymous_7)
FN:45,(anonymous_8)
FN:57,(anonymous_9)
FNF:10
FNH:8
FNDA:10,AuthProvider
FNDA:5,(anonymous_1)
FNDA:5,(anonymous_2)
FNDA:0,(anonymous_3)
FNDA:5,(anonymous_4)
FNDA:5,(anonymous_5)
FNDA:1,(anonymous_6)
FNDA:1,(anonymous_7)
FNDA:0,(anonymous_8)
FNDA:10,(anonymous_9)
DA:4,3
DA:7,10
DA:8,10
DA:10,10
DA:11,5
DA:13,5
DA:16,5
DA:17,5
DA:20,0
DA:21,0
DA:24,5
DA:25,5
DA:28,5
DA:29,5
DA:33,10
DA:34,1
DA:35,1
DA:36,1
DA:39,10
DA:40,1
DA:41,1
DA:42,1
DA:45,10
DA:46,0
DA:47,0
DA:50,10
DA:57,10
LF:27
LH:23
BRDA:16,0,0,0
BRDA:16,0,1,5
BRDA:17,1,0,5
BRDA:17,1,1,5
BRDA:20,2,0,0
BRDA:20,2,1,0
BRDA:24,3,0,0
BRDA:24,3,1,5
BRF:8
BRH:4
end_of_record
TN:
SF:src/components/Nav.jsx
FN:6,Nav
FN:13,(anonymous_1)
FN:21,(anonymous_2)
FN:21,(anonymous_3)
FN:26,(anonymous_4)
FN:27,(anonymous_5)
FN:39,(anonymous_6)
FNF:7
FNH:2
FNDA:1,Nav
FNDA:0,(anonymous_1)
FNDA:0,(anonymous_2)
FNDA:0,(anonymous_3)
FNDA:7,(anonymous_4)
FNDA:0,(anonymous_5)
FNDA:0,(anonymous_6)
DA:7,1
DA:8,1
DA:10,1
DA:13,0
DA:21,0
DA:27,7
DA:39,0
LF:7
LH:4
BRDA:20,0,0,0
BRDA:20,0,1,1
BRDA:23,1,0,0
BRDA:23,1,1,1
BRDA:25,2,0,0
BRDA:25,2,1,1
BRDA:33,3,0,0
BRDA:33,3,1,1
BRF:8
BRH:4
end_of_record
TN:
SF:src/pages/DashboardPage.jsx
FN:5,getStatusClass
FN:9,DashboardPage
FN:17,(anonymous_2)
FN:18,loadData
FN:26,(anonymous_4)
FN:42,(anonymous_5)
FN:42,(anonymous_6)
FN:43,(anonymous_7)
FN:44,(anonymous_8)
FN:46,toggleFavorite
FN:82,(anonymous_10)
FN:102,(anonymous_11)
FN:106,(anonymous_12)
FN:122,(anonymous_13)
FNF:14
FNH:0
FNDA:0,getStatusClass
FNDA:0,DashboardPage
FNDA:0,(anonymous_2)
FNDA:0,loadData
FNDA:0,(anonymous_4)
FNDA:0,(anonymous_5)
FNDA:0,(anonymous_6)
FNDA:0,(anonymous_7)
FNDA:0,(anonymous_8)
FNDA:0,toggleFavorite
FNDA:0,(anonymous_10)
FNDA:0,(anonymous_11)
FNDA:0,(anonymous_12)
FNDA:0,(anonymous_13)
DA:6,0
DA:10,0
DA:11,0
DA:12,0
DA:13,0
DA:14,0
DA:15,0
DA:17,0
DA:19,0
DA:20,0
DA:22,0
DA:23,0
DA:26,0
DA:29,0
DA:30,0
DA:31,0
DA:33,0
DA:35,0
DA:39,0
DA:42,0
DA:43,0
DA:44,0
DA:47,0
DA:48,0
DA:51,0
DA:83,0
DA:103,0
DA:106,0
DA:123,0
LF:29
LH:0
BRDA:31,0,0,0
BRDA:31,0,1,0
BRDA:56,1,0,0
BRDA:56,1,1,0
BRDA:69,2,0,0
BRDA:69,2,1,0
BRDA:78,3,0,0
BRDA:78,3,1,0
BRDA:80,4,0,0
BRDA:80,4,1,0
BRDA:107,5,0,0
BRDA:107,5,1,0
BRF:12
BRH:0
end_of_record
TN:
SF:src/pages/HomePage.jsx
FN:8,getStatusClass
FN:12,HomePage
FN:20,(anonymous_2)
FN:21,(anonymous_3)
FN:43,(anonymous_4)
FN:46,(anonymous_5)
FN:47,(anonymous_6)
FN:51,(anonymous_7)
FN:83,(anonymous_8)
FN:110,(anonymous_9)
FN:112,(anonymous_10)
FN:119,(anonymous_11)
FN:154,(anonymous_12)
FNF:13
FNH:9
FNDA:1,getStatusClass
FNDA:3,HomePage
FNDA:2,(anonymous_2)
FNDA:2,(anonymous_3)
FNDA:3,(anonymous_4)
FNDA:0,(anonymous_5)
FNDA:0,(anonymous_6)
FNDA:3,(anonymous_7)
FNDA:1,(anonymous_8)
FNDA:0,(anonymous_9)
FNDA:0,(anonymous_10)
FNDA:1,(anonymous_11)
FNDA:1,(anonymous_12)
DA:6,2
DA:9,1
DA:13,3
DA:14,3
DA:15,3
DA:16,3
DA:17,3
DA:18,3
DA:20,3
DA:21,2
DA:22,2
DA:23,2
DA:24,2
DA:30,2
DA:31,2
DA:32,2
DA:34,0
DA:36,2
DA:40,2
DA:43,3
DA:44,3
DA:45,3
DA:46,0
DA:47,0
DA:51,3
DA:53,3
DA:84,1
DA:110,0
DA:112,0
DA:120,1
DA:155,1
LF:31
LH:26
BRDA:30,0,0,2
BRDA:30,0,1,0
BRDA:31,1,0,2
BRDA:31,1,1,0
BRDA:32,2,0,2
BRDA:32,2,1,0
BRDA:45,3,0,3
BRDA:45,3,1,0
BRDA:47,4,0,0
BRDA:47,4,1,0
BRDA:69,5,0,0
BRDA:69,5,1,3
BRDA:80,6,0,2
BRDA:80,6,1,1
BRDA:118,7,0,1
BRDA:118,7,1,2
BRDA:118,8,0,3
BRDA:118,8,1,1
BRDA:133,9,0,0
BRDA:133,9,1,2
BRDA:141,10,0,2
BRDA:141,10,1,1
BRDA:168,11,0,0
BRDA:168,11,1,3
BRDA:169,12,0,0
BRDA:169,12,1,0
BRF:26
BRH:15
end_of_record
TN:
SF:src/pages/LoginPage.jsx
FN:6,LoginPage
FN:13,(anonymous_1)
FN:19,(anonymous_2)
FN:31,(anonymous_3)
FN:43,(anonymous_4)
FN:46,(anonymous_5)
FN:60,(anonymous_6)
FN:67,(anonymous_7)
FN:82,(anonymous_8)
FN:94,(anonymous_9)
FNF:10
FNH:5
FNDA:5,LoginPage
FNDA:1,(anonymous_1)
FNDA:1,(anonymous_2)
FNDA:0,(anonymous_3)
FNDA:0,(anonymous_4)
FNDA:0,(anonymous_5)
FNDA:0,(anonymous_6)
FNDA:0,(anonymous_7)
FNDA:1,(anonymous_8)
FNDA:1,(anonymous_9)
DA:7,5
DA:8,5
DA:9,5
DA:10,5
DA:11,5
DA:13,5
DA:14,1
DA:15,0
DA:19,5
DA:20,1
DA:21,1
DA:23,1
DA:24,1
DA:25,1
DA:27,0
DA:31,5
DA:32,0
DA:34,0
DA:35,0
DA:36,0
DA:38,0
DA:42,5
DA:44,0
DA:47,0
DA:51,5
DA:60,0
DA:67,0
DA:82,1
DA:94,1
LF:29
LH:18
BRDA:14,0,0,0
BRDA:14,0,1,1
BRDA:27,1,0,0
BRDA:27,1,1,0
BRDA:38,2,0,0
BRDA:38,2,1,0
BRDA:74,3,0,5
BRDA:74,3,1,0
BRF:8
BRH:2
end_of_record
TN:
SF:src/pages/MatchesPage.jsx
FN:4,getStatusClass
FN:8,MatchesPage
FN:14,(anonymous_2)
FN:18,(anonymous_3)
FN:21,(anonymous_4)
FN:22,(anonymous_5)
FN:30,(anonymous_6)
FN:30,(anonymous_7)
FN:41,(anonymous_8)
FN:46,(anonymous_9)
FN:55,(anonymous_10)
FN:60,(anonymous_11)
FN:75,(anonymous_12)
FNF:13
FNH:0
FNDA:0,getStatusClass
FNDA:0,MatchesPage
FNDA:0,(anonymous_2)
FNDA:0,(anonymous_3)
FNDA:0,(anonymous_4)
FNDA:0,(anonymous_5)
FNDA:0,(anonymous_6)
FNDA:0,(anonymous_7)
FNDA:0,(anonymous_8)
FNDA:0,(anonymous_9)
FNDA:0,(anonymous_10)
FNDA:0,(anonymous_11)
FNDA:0,(anonymous_12)
DA:5,0
DA:9,0
DA:10,0
DA:11,0
DA:12,0
DA:14,0
DA:15,0
DA:18,0
DA:21,0
DA:22,0
DA:23,0
DA:24,0
DA:26,0
DA:30,0
DA:32,0
DA:42,0
DA:46,0
DA:56,0
DA:60,0
DA:76,0
LF:20
LH:0
BRDA:23,0,0,0
BRDA:23,0,1,0
BRDA:24,1,0,0
BRDA:24,1,1,0
BRDA:26,2,0,0
BRDA:26,2,1,0
BRDA:44,3,0,0
BRDA:44,3,1,0
BRDA:58,4,0,0
BRDA:58,4,1,0
BRDA:68,5,0,0
BRDA:68,5,1,0
BRDA:72,6,0,0
BRDA:72,6,1,0
BRF:14
BRH:0
end_of_record
TN:
SF:src/pages/NotFoundPage.jsx
FN:1,NotFoundPage
FNF:1
FNH:0
FNDA:0,NotFoundPage
DA:2,0
LF:1
LH:0
BRF:0
BRH:0
end_of_record
TN:
SF:src/pages/PlayersPage.jsx
FN:4,getAge
FN:19,PlayersPage
FN:24,(anonymous_2)
FN:25,(anonymous_3)
FN:25,(anonymous_4)
FN:28,(anonymous_5)
FN:31,(anonymous_6)
FN:32,(anonymous_7)
FN:37,(anonymous_8)
FN:53,(anonymous_9)
FN:55,(anonymous_10)
FN:67,(anonymous_11)
FNF:12
FNH:8
FNDA:2,getAge
FNDA:2,PlayersPage
FNDA:1,(anonymous_2)
FNDA:1,(anonymous_3)
FNDA:1,(anonymous_4)
FNDA:2,(anonymous_5)
FNDA:0,(anonymous_6)
FNDA:0,(anonymous_7)
FNDA:1,(anonymous_8)
FNDA:0,(anonymous_9)
FNDA:0,(anonymous_10)
FNDA:2,(anonymous_11)
DA:5,2
DA:7,2
DA:8,2
DA:9,2
DA:11,2
DA:14,2
DA:16,2
DA:20,2
DA:21,2
DA:22,2
DA:24,2
DA:25,1
DA:28,2
DA:29,2
DA:30,2
DA:32,0
DA:33,0
DA:37,2
DA:40,2
DA:53,0
DA:55,0
DA:68,2
LF:22
LH:18
BRDA:5,0,0,0
BRDA:5,0,1,2
BRDA:11,1,0,2
BRDA:11,1,1,2
BRDA:11,1,2,0
BRDA:14,2,0,2
BRDA:14,2,1,0
BRDA:25,3,0,1
BRDA:25,3,1,0
BRDA:30,4,0,0
BRDA:30,4,1,2
BRDA:33,5,0,0
BRDA:33,5,1,0
BRDA:37,6,0,1
BRDA:37,6,1,0
BRDA:37,7,0,1
BRDA:37,7,1,0
BRDA:62,8,0,1
BRDA:62,8,1,1
BRDA:64,9,0,0
BRDA:64,9,1,1
BRF:21
BRH:11
end_of_record
TN:
SF:src/pages/ProfilePage.jsx
FN:6,ProfilePage
FN:11,(anonymous_1)
FN:14,(anonymous_2)
FN:15,(anonymous_3)
FN:18,(anonymous_4)
FN:41,(anonymous_5)
FNF:6
FNH:5
FNDA:4,ProfilePage
FNDA:2,(anonymous_1)
FNDA:2,(anonymous_2)
FNDA:0,(anonymous_3)
FNDA:1,(anonymous_4)
FNDA:2,(anonymous_5)
DA:7,4
DA:8,4
DA:9,4
DA:11,4
DA:12,2
DA:14,2
DA:15,0
DA:18,4
DA:19,1
DA:20,1
DA:23,4
DA:41,2
LF:12
LH:11
BRDA:14,0,0,2
BRDA:14,0,1,0
BRDA:29,1,0,4
BRDA:29,1,1,0
BRDA:33,2,0,4
BRDA:33,2,1,0
BRDA:37,3,0,4
BRDA:37,3,1,0
BRDA:41,4,0,2
BRDA:41,4,1,2
BRF:10
BRH:6
end_of_record
TN:
SF:src/pages/StandingsPage.jsx
FN:4,StandingsPage
FN:8,(anonymous_1)
FN:9,(anonymous_2)
FN:12,(anonymous_3)
FN:13,(anonymous_4)
FN:35,(anonymous_5)
FN:53,(anonymous_6)
FNF:7
FNH:0
FNDA:0,StandingsPage
FNDA:0,(anonymous_1)
FNDA:0,(anonymous_2)
FNDA:0,(anonymous_3)
FNDA:0,(anonymous_4)
FNDA:0,(anonymous_5)
FNDA:0,(anonymous_6)
DA:5,0
DA:6,0
DA:8,0
DA:9,0
DA:12,0
DA:13,0
DA:14,0
DA:15,0
DA:22,0
DA:36,0
DA:54,0
DA:56,0
DA:58,0
LF:13
LH:0
BRDA:14,0,0,0
BRDA:14,0,1,0
BRDA:17,1,0,0
BRDA:17,1,1,0
BRDA:32,2,0,0
BRDA:32,2,1,0
BRDA:54,3,0,0
BRDA:54,3,1,0
BRDA:54,4,0,0
BRDA:54,4,1,0
BRDA:56,5,0,0
BRDA:56,5,1,0
BRDA:57,6,0,0
BRDA:57,6,1,0
BRDA:66,7,0,0
BRDA:66,7,1,0
BRDA:66,8,0,0
BRDA:66,8,1,0
BRF:18
BRH:0
end_of_record
TN:
SF:src/pages/TeamsPage.jsx
FN:4,TeamsPage
FN:10,(anonymous_1)
FN:11,(anonymous_2)
FN:14,(anonymous_3)
FN:16,(anonymous_4)
FN:20,(anonymous_5)
FN:28,(anonymous_6)
FN:28,(anonymous_7)
FN:43,(anonymous_8)
FN:45,(anonymous_9)
FN:52,(anonymous_10)
FN:57,(anonymous_11)
FN:70,(anonymous_12)
FNF:13
FNH:9
FNDA:2,TeamsPage
FNDA:1,(anonymous_1)
FNDA:1,(anonymous_2)
FNDA:2,(anonymous_3)
FNDA:1,(anonymous_4)
FNDA:0,(anonymous_5)
FNDA:2,(anonymous_6)
FNDA:1,(anonymous_7)
FNDA:0,(anonymous_8)
FNDA:0,(anonymous_9)
FNDA:3,(anonymous_10)
FNDA:0,(anonymous_11)
FNDA:1,(anonymous_12)
DA:5,2
DA:6,2
DA:7,2
DA:8,2
DA:10,2
DA:11,1
DA:14,2
DA:15,2
DA:16,2
DA:17,1
DA:19,1
DA:21,0
DA:24,1
DA:28,2
DA:30,2
DA:43,0
DA:45,0
DA:53,3
DA:57,0
DA:71,1
LF:20
LH:16
BRDA:17,0,0,1
BRDA:17,0,1,0
BRDA:19,1,0,1
BRDA:19,1,1,0
BRDA:21,2,0,0
BRDA:21,2,1,0
BRDA:24,3,0,1
BRDA:24,3,1,1
BRDA:55,4,0,2
BRDA:55,4,1,1
BRDA:65,5,0,1
BRDA:65,5,1,1
BRDA:67,6,0,0
BRDA:67,6,1,1
BRF:14
BRH:9
end_of_record
